<?xml version="1.0" encoding="UTF-8"?>
<testsuite name="ComputerRepairRequestTest" tests="2" skipped="0" failures="0" errors="0" timestamp="2025-04-03T15:18:39" hostname="MIHAIMUNTEANU" time="0.022">
  <properties/>
  <testcase name="First Test" classname="ComputerRepairRequestTest" time="0.018"/>
  <testcase name="Test Exemplu" classname="ComputerRepairRequestTest" time="0.001"/>
  <system-out><![CDATA[]]></system-out>
  <system-err><![CDATA[]]></system-err>
</testsuite>
